> Task :app:clean FAILED

FAILURE: Build failed with an exception.

* What went wrong:
Execution failed for task ':app:clean'.
> java.io.IOException: Unable to delete directory 'C:\Users\dasbl\AndroidStudioProjects\VitruvianRedux\app\build'
    Failed to delete some children. This might happen because a process has files open or has its working directory set in the target directory.
    - C:\Users\dasbl\AndroidStudioProjects\VitruvianRedux\app\build\intermediates\lint-cache\lintAnalyzeDebug\migrated-jars\androidx.navigation.compose.lint.NavigationComposeIssueRegistry-598b224f0ce2f9f2..jar
    - C:\Users\dasbl\AndroidStudioProjects\VitruvianRedux\app\build\intermediates\lint-cache\lintAnalyzeDebug\migrated-jars
    - C:\Users\dasbl\AndroidStudioProjects\VitruvianRedux\app\build\intermediates\lint-cache\lintAnalyzeDebug
    - C:\Users\dasbl\AndroidStudioProjects\VitruvianRedux\app\build\intermediates\lint-cache\lintAnalyzeDebugAndroidTest\migrated-jars\androidx.navigation.common.lint.NavigationCommonIssueRegistry-5daa12651be0734e..jar
    - C:\Users\dasbl\AndroidStudioProjects\VitruvianRedux\app\build\intermediates\lint-cache\lintAnalyzeDebugAndroidTest\migrated-jars
    - C:\Users\dasbl\AndroidStudioProjects\VitruvianRedux\app\build\intermediates\lint-cache\lintAnalyzeDebugAndroidTest
    - C:\Users\dasbl\AndroidStudioProjects\VitruvianRedux\app\build\intermediates\lint-cache\lintAnalyzeDebugUnitTest\migrated-jars\androidx.navigation.runtime.lint.NavigationRuntimeIssueRegistry-a8fea42aedb9bdb3..jar
    - C:\Users\dasbl\AndroidStudioProjects\VitruvianRedux\app\build\intermediates\lint-cache\lintAnalyzeDebugUnitTest\migrated-jars
    - C:\Users\dasbl\AndroidStudioProjects\VitruvianRedux\app\build\intermediates\lint-cache\lintAnalyzeDebugUnitTest
    - C:\Users\dasbl\AndroidStudioProjects\VitruvianRedux\app\build\intermediates\lint-cache
    - C:\Users\dasbl\AndroidStudioProjects\VitruvianRedux\app\build\intermediates

* Try:
> Run with --stacktrace option to get the stack trace.
> Run with --info or --debug option to get more log output.
> Run with --scan to get full insights.
> Get more help at https://help.gradle.org.

BUILD FAILED in 3s
1 actionable task: 1 executed
